# JRE version: OpenJDK Runtime Environment 18.9 (11.0.16+8) (build 11.0.16+8)
# Java VM: OpenJDK 64-Bit Server VM 18.9 (11.0.16+8, mixed mode, tiered, compressed oops, g1 gc, windows-amd64)
Heap:
 garbage-first heap   total 96256K, used 56735K [0x00000000ca200000, 0x0000000100000000)
  region size 1024K, 5 young (5120K), 3 survivors (3072K)
 Metaspace       used 60023K, capacity 60821K, committed 61184K, reserved 1103872K
  class space    used 6729K, capacity 7053K, committed 7168K, reserved 1048576K
GC Heap History (20 events):
Event: 7.167 GC heap before
{Heap before GC invocations=18 (full 0):
 garbage-first heap   total 66560K, used 49454K [0x00000000ca200000, 0x0000000100000000)
  region size 1024K, 17 young (17408K), 2 survivors (2048K)
 Metaspace       used 45328K, capacity 45996K, committed 46336K, reserved 1089536K
  class space    used 5273K, capacity 5541K, committed 5632K, reserved 1048576K
}
Event: 7.172 GC heap after
{Heap after GC invocations=19 (full 0):
 garbage-first heap   total 66560K, used 35435K [0x00000000ca200000, 0x0000000100000000)
  region size 1024K, 2 young (2048K), 2 survivors (2048K)
 Metaspace       used 45328K, capacity 45996K, committed 46336K, reserved 1089536K
  class space    used 5273K, capacity 5541K, committed 5632K, reserved 1048576K
}
Event: 7.324 GC heap before
{Heap before GC invocations=20 (full 0):
 garbage-first heap   total 66560K, used 38507K [0x00000000ca200000, 0x0000000100000000)
  region size 1024K, 6 young (6144K), 2 survivors (2048K)
 Metaspace       used 46263K, capacity 46910K, committed 47232K, reserved 1091584K
  class space    used 5413K, capacity 5674K, committed 5760K, reserved 1048576K
}
Event: 7.329 GC heap after
{Heap after GC invocations=21 (full 0):
 garbage-first heap   total 66560K, used 35660K [0x00000000ca200000, 0x0000000100000000)
  region size 1024K, 2 young (2048K), 2 survivors (2048K)
 Metaspace       used 46263K, capacity 46910K, committed 47232K, reserved 1091584K
  class space    used 5413K, capacity 5674K, committed 5760K, reserved 1048576K
}
Event: 8.212 GC heap before
{Heap before GC invocations=22 (full 0):
 garbage-first heap   total 66560K, used 55116K [0x00000000ca200000, 0x0000000100000000)
  region size 1024K, 16 young (16384K), 2 survivors (2048K)
 Metaspace       used 48983K, capacity 49564K, committed 49792K, reserved 1093632K
  class space    used 5703K, capacity 5972K, committed 6016K, reserved 1048576K
}
Event: 8.220 GC heap after
{Heap after GC invocations=23 (full 0):
 garbage-first heap   total 79872K, used 42619K [0x00000000ca200000, 0x0000000100000000)
  region size 1024K, 2 young (2048K), 2 survivors (2048K)
 Metaspace       used 48983K, capacity 49564K, committed 49792K, reserved 1093632K
  class space    used 5703K, capacity 5972K, committed 6016K, reserved 1048576K
}
Event: 8.621 GC heap before
{Heap before GC invocations=23 (full 0):
 garbage-first heap   total 79872K, used 60027K [0x00000000ca200000, 0x0000000100000000)
  region size 1024K, 19 young (19456K), 2 survivors (2048K)
 Metaspace       used 53285K, capacity 53946K, committed 54272K, reserved 1097728K
  class space    used 6245K, capacity 6548K, committed 6656K, reserved 1048576K
}
Event: 8.627 GC heap after
{Heap after GC invocations=24 (full 0):
 garbage-first heap   total 79872K, used 44367K [0x00000000ca200000, 0x0000000100000000)
  region size 1024K, 2 young (2048K), 2 survivors (2048K)
 Metaspace       used 53285K, capacity 53946K, committed 54272K, reserved 1097728K
  class space    used 6245K, capacity 6548K, committed 6656K, reserved 1048576K
}
Event: 8.717 GC heap before
{Heap before GC invocations=25 (full 0):
 garbage-first heap   total 79872K, used 47439K [0x00000000ca200000, 0x0000000100000000)
  region size 1024K, 6 young (6144K), 2 survivors (2048K)
 Metaspace       used 53894K, capacity 54537K, committed 54784K, reserved 1097728K
  class space    used 6317K, capacity 6615K, committed 6656K, reserved 1048576K
}
Event: 8.721 GC heap after
{Heap after GC invocations=26 (full 0):
 garbage-first heap   total 79872K, used 44640K [0x00000000ca200000, 0x0000000100000000)
  region size 1024K, 2 young (2048K), 2 survivors (2048K)
 Metaspace       used 53894K, capacity 54537K, committed 54784K, reserved 1097728K
  class space    used 6317K, capacity 6615K, committed 6656K, reserved 1048576K
}
Event: 8.819 GC heap before
{Heap before GC invocations=27 (full 0):
 garbage-first heap   total 79872K, used 62048K [0x00000000ca200000, 0x0000000100000000)
  region size 1024K, 19 young (19456K), 2 survivors (2048K)
 Metaspace       used 54030K, capacity 54730K, committed 54784K, reserved 1097728K
  class space    used 6317K, capacity 6615K, committed 6656K, reserved 1048576K
}
Event: 8.823 GC heap after
{Heap after GC invocations=28 (full 0):
 garbage-first heap   total 79872K, used 45188K [0x00000000ca200000, 0x0000000100000000)
  region size 1024K, 3 young (3072K), 3 survivors (3072K)
 Metaspace       used 54030K, capacity 54730K, committed 54784K, reserved 1097728K
  class space    used 6317K, capacity 6615K, committed 6656K, reserved 1048576K
}
Event: 9.062 GC heap before
{Heap before GC invocations=28 (full 0):
 garbage-first heap   total 79872K, used 62596K [0x00000000ca200000, 0x0000000100000000)
  region size 1024K, 20 young (20480K), 3 survivors (3072K)
 Metaspace       used 54459K, capacity 55223K, committed 55296K, reserved 1097728K
  class space    used 6338K, capacity 6625K, committed 6656K, reserved 1048576K
}
Event: 9.068 GC heap after
{Heap after GC invocations=29 (full 0):
 garbage-first heap   total 79872K, used 46896K [0x00000000ca200000, 0x0000000100000000)
  region size 1024K, 3 young (3072K), 3 survivors (3072K)
 Metaspace       used 54459K, capacity 55223K, committed 55296K, reserved 1097728K
  class space    used 6338K, capacity 6625K, committed 6656K, reserved 1048576K
}
Event: 9.738 GC heap before
{Heap before GC invocations=30 (full 0):
 garbage-first heap   total 79872K, used 64304K [0x00000000ca200000, 0x0000000100000000)
  region size 1024K, 20 young (20480K), 3 survivors (3072K)
 Metaspace       used 56248K, capacity 57034K, committed 57216K, reserved 1099776K
  class space    used 6420K, capacity 6735K, committed 6784K, reserved 1048576K
}
Event: 9.755 GC heap after
{Heap after GC invocations=31 (full 0):
 garbage-first heap   total 79872K, used 50012K [0x00000000ca200000, 0x0000000100000000)
  region size 1024K, 3 young (3072K), 3 survivors (3072K)
 Metaspace       used 56248K, capacity 57034K, committed 57216K, reserved 1099776K
  class space    used 6420K, capacity 6735K, committed 6784K, reserved 1048576K
}
Event: 10.516 GC heap before
{Heap before GC invocations=31 (full 0):
 garbage-first heap   total 79872K, used 65372K [0x00000000ca200000, 0x0000000100000000)
  region size 1024K, 18 young (18432K), 3 survivors (3072K)
 Metaspace       used 56526K, capacity 57355K, committed 57472K, reserved 1099776K
  class space    used 6421K, capacity 6735K, committed 6784K, reserved 1048576K
}
Event: 10.613 GC heap after
{Heap after GC invocations=32 (full 0):
 garbage-first heap   total 96256K, used 52569K [0x00000000ca200000, 0x0000000100000000)
  region size 1024K, 2 young (2048K), 2 survivors (2048K)
 Metaspace       used 56526K, capacity 57355K, committed 57472K, reserved 1099776K
  class space    used 6421K, capacity 6735K, committed 6784K, reserved 1048576K
}
Event: 11.178 GC heap before
{Heap before GC invocations=33 (full 0):
 garbage-first heap   total 96256K, used 72025K [0x00000000ca200000, 0x0000000100000000)
  region size 1024K, 21 young (21504K), 2 survivors (2048K)
 Metaspace       used 58146K, capacity 58975K, committed 59136K, reserved 1101824K
  class space    used 6606K, capacity 6911K, committed 6912K, reserved 1048576K
}
Event: 11.186 GC heap after
{Heap after GC invocations=34 (full 0):
 garbage-first heap   total 96256K, used 54244K [0x00000000ca200000, 0x0000000100000000)
  region size 1024K, 2 young (2048K), 2 survivors (2048K)
 Metaspace       used 58146K, capacity 58975K, committed 59136K, reserved 1101824K
  class space    used 6606K, capacity 6911K, committed 6912K, reserved 1048576K
}

